{"/Users/alextroshin/WebstormProjects/victoria-bot/helpers/context.js": {"path":"/Users/alextroshin/WebstormProjects/victoria-bot/helpers/context.js","all":false,"statementMap":{"0":{"start":{"line":1,"column":0},"end":{"line":1,"column":69}},"1":{"start":{"line":2,"column":0},"end":{"line":2,"column":0}},"2":{"start":{"line":3,"column":0},"end":{"line":3,"column":18}},"3":{"start":{"line":4,"column":0},"end":{"line":4,"column":13}},"4":{"start":{"line":5,"column":0},"end":{"line":5,"column":2}}},"s":{"0":1,"1":1,"2":1,"3":1,"4":1},"branchMap":{"0":{"type":"branch","line":1,"loc":{"start":{"line":1,"column":20},"end":{"line":1,"column":69}},"locations":[{"start":{"line":1,"column":20},"end":{"line":1,"column":69}}]},"1":{"type":"branch","line":1,"loc":{"start":{"line":1,"column":28},"end":{"line":1,"column":64}},"locations":[{"start":{"line":1,"column":28},"end":{"line":1,"column":64}}]}},"b":{"0":[6],"1":[3]},"fnMap":{"0":{"name":"hasButtons","decl":{"start":{"line":1,"column":20},"end":{"line":1,"column":69}},"loc":{"start":{"line":1,"column":20},"end":{"line":1,"column":69}},"line":1}},"f":{"0":6}}
,"/Users/alextroshin/WebstormProjects/victoria-bot/helpers/files.js": {"path":"/Users/alextroshin/WebstormProjects/victoria-bot/helpers/files.js","all":false,"statementMap":{"0":{"start":{"line":1,"column":0},"end":{"line":1,"column":29}},"1":{"start":{"line":2,"column":0},"end":{"line":2,"column":38}},"2":{"start":{"line":3,"column":0},"end":{"line":3,"column":0}},"3":{"start":{"line":4,"column":0},"end":{"line":4,"column":45}},"4":{"start":{"line":5,"column":0},"end":{"line":5,"column":45}},"5":{"start":{"line":6,"column":0},"end":{"line":6,"column":1}},"6":{"start":{"line":7,"column":0},"end":{"line":7,"column":0}},"7":{"start":{"line":8,"column":0},"end":{"line":8,"column":79}},"8":{"start":{"line":9,"column":0},"end":{"line":9,"column":43}},"9":{"start":{"line":10,"column":0},"end":{"line":10,"column":32}},"10":{"start":{"line":11,"column":0},"end":{"line":11,"column":0}},"11":{"start":{"line":12,"column":0},"end":{"line":12,"column":18}},"12":{"start":{"line":13,"column":0},"end":{"line":13,"column":11}},"13":{"start":{"line":14,"column":0},"end":{"line":14,"column":17}},"14":{"start":{"line":15,"column":0},"end":{"line":15,"column":2}}},"s":{"0":1,"1":1,"2":1,"3":2,"4":2,"5":2,"6":1,"7":1,"8":1,"9":1,"10":1,"11":1,"12":1,"13":1,"14":1},"branchMap":{"0":{"type":"branch","line":4,"loc":{"start":{"line":4,"column":0},"end":{"line":6,"column":1}},"locations":[{"start":{"line":4,"column":0},"end":{"line":6,"column":1}}]},"1":{"type":"branch","line":8,"loc":{"start":{"line":8,"column":24},"end":{"line":8,"column":46}},"locations":[{"start":{"line":8,"column":24},"end":{"line":8,"column":46}}]},"2":{"type":"branch","line":9,"loc":{"start":{"line":9,"column":11},"end":{"line":9,"column":28}},"locations":[{"start":{"line":9,"column":11},"end":{"line":9,"column":28}}]},"3":{"type":"branch","line":10,"loc":{"start":{"line":10,"column":8},"end":{"line":10,"column":32}},"locations":[{"start":{"line":10,"column":8},"end":{"line":10,"column":32}}]}},"b":{"0":[2],"1":[2],"2":[10],"3":[6]},"fnMap":{"0":{"name":"getFiles","decl":{"start":{"line":4,"column":0},"end":{"line":6,"column":1}},"loc":{"start":{"line":4,"column":0},"end":{"line":6,"column":1}},"line":4},"1":{"name":"getDirectories","decl":{"start":{"line":8,"column":24},"end":{"line":8,"column":46}},"loc":{"start":{"line":8,"column":24},"end":{"line":8,"column":46}},"line":8}},"f":{"0":2,"1":2}}
,"/Users/alextroshin/WebstormProjects/victoria-bot/helpers/string.js": {"path":"/Users/alextroshin/WebstormProjects/victoria-bot/helpers/string.js","all":false,"statementMap":{"0":{"start":{"line":1,"column":0},"end":{"line":1,"column":40}},"1":{"start":{"line":2,"column":0},"end":{"line":2,"column":53}},"2":{"start":{"line":3,"column":0},"end":{"line":3,"column":18}},"3":{"start":{"line":4,"column":0},"end":{"line":4,"column":3}},"4":{"start":{"line":5,"column":0},"end":{"line":5,"column":58}},"5":{"start":{"line":6,"column":0},"end":{"line":6,"column":1}},"6":{"start":{"line":7,"column":0},"end":{"line":7,"column":0}},"7":{"start":{"line":8,"column":0},"end":{"line":8,"column":18}},"8":{"start":{"line":9,"column":0},"end":{"line":9,"column":24}},"9":{"start":{"line":10,"column":0},"end":{"line":10,"column":2}}},"s":{"0":5,"1":5,"2":2,"3":2,"4":3,"5":3,"6":1,"7":1,"8":1,"9":1},"branchMap":{"0":{"type":"branch","line":1,"loc":{"start":{"line":1,"column":0},"end":{"line":6,"column":1}},"locations":[{"start":{"line":1,"column":0},"end":{"line":6,"column":1}}]},"1":{"type":"branch","line":2,"loc":{"start":{"line":2,"column":6},"end":{"line":2,"column":52}},"locations":[{"start":{"line":2,"column":6},"end":{"line":2,"column":52}}]},"2":{"type":"branch","line":2,"loc":{"start":{"line":2,"column":52},"end":{"line":4,"column":3}},"locations":[{"start":{"line":2,"column":52},"end":{"line":4,"column":3}}]},"3":{"type":"branch","line":5,"loc":{"start":{"line":5,"column":-1},"end":{"line":6,"column":1}},"locations":[{"start":{"line":5,"column":-1},"end":{"line":6,"column":1}}]}},"b":{"0":[5],"1":[4],"2":[2],"3":[3]},"fnMap":{"0":{"name":"capitalizeFirstLetter","decl":{"start":{"line":1,"column":0},"end":{"line":6,"column":1}},"loc":{"start":{"line":1,"column":0},"end":{"line":6,"column":1}},"line":1}},"f":{"0":5}}
,"/Users/alextroshin/WebstormProjects/victoria-bot/mocks/contexts.js": {"path":"/Users/alextroshin/WebstormProjects/victoria-bot/mocks/contexts.js","all":false,"statementMap":{"0":{"start":{"line":1,"column":0},"end":{"line":1,"column":55}},"1":{"start":{"line":2,"column":0},"end":{"line":2,"column":0}},"2":{"start":{"line":3,"column":0},"end":{"line":3,"column":41}},"3":{"start":{"line":4,"column":0},"end":{"line":4,"column":0}},"4":{"start":{"line":5,"column":0},"end":{"line":5,"column":73}},"5":{"start":{"line":6,"column":0},"end":{"line":6,"column":0}},"6":{"start":{"line":7,"column":0},"end":{"line":7,"column":71}},"7":{"start":{"line":8,"column":0},"end":{"line":8,"column":10}},"8":{"start":{"line":9,"column":0},"end":{"line":9,"column":20}},"9":{"start":{"line":10,"column":0},"end":{"line":10,"column":21}},"10":{"start":{"line":11,"column":0},"end":{"line":11,"column":4}},"11":{"start":{"line":12,"column":0},"end":{"line":12,"column":11}},"12":{"start":{"line":13,"column":0},"end":{"line":13,"column":0}},"13":{"start":{"line":14,"column":0},"end":{"line":14,"column":36}},"14":{"start":{"line":15,"column":0},"end":{"line":15,"column":0}},"15":{"start":{"line":16,"column":0},"end":{"line":16,"column":46}},"16":{"start":{"line":17,"column":0},"end":{"line":17,"column":0}},"17":{"start":{"line":18,"column":0},"end":{"line":18,"column":43}},"18":{"start":{"line":19,"column":0},"end":{"line":19,"column":15}},"19":{"start":{"line":20,"column":0},"end":{"line":20,"column":26}},"20":{"start":{"line":21,"column":0},"end":{"line":21,"column":4}},"21":{"start":{"line":22,"column":0},"end":{"line":22,"column":3}},"22":{"start":{"line":23,"column":0},"end":{"line":23,"column":0}},"23":{"start":{"line":24,"column":0},"end":{"line":24,"column":18}},"24":{"start":{"line":25,"column":0},"end":{"line":25,"column":20}},"25":{"start":{"line":26,"column":0},"end":{"line":26,"column":21}},"26":{"start":{"line":27,"column":0},"end":{"line":27,"column":17}},"27":{"start":{"line":28,"column":0},"end":{"line":28,"column":10}},"28":{"start":{"line":29,"column":0},"end":{"line":29,"column":19}},"29":{"start":{"line":30,"column":0},"end":{"line":30,"column":2}}},"s":{"0":1,"1":1,"2":1,"3":1,"4":1,"5":1,"6":1,"7":1,"8":1,"9":1,"10":1,"11":1,"12":1,"13":1,"14":1,"15":1,"16":1,"17":1,"18":1,"19":1,"20":1,"21":1,"22":1,"23":1,"24":1,"25":1,"26":1,"27":1,"28":1,"29":1},"branchMap":{"0":{"type":"branch","line":5,"loc":{"start":{"line":5,"column":27},"end":{"line":5,"column":43}},"locations":[{"start":{"line":5,"column":27},"end":{"line":5,"column":43}}]},"1":{"type":"branch","line":7,"loc":{"start":{"line":7,"column":28},"end":{"line":7,"column":44}},"locations":[{"start":{"line":7,"column":28},"end":{"line":7,"column":44}}]}},"b":{"0":[3],"1":[2]},"fnMap":{"0":{"name":"createBaseContext","decl":{"start":{"line":5,"column":27},"end":{"line":5,"column":43}},"loc":{"start":{"line":5,"column":27},"end":{"line":5,"column":43}},"line":5},"1":{"name":"createCtxWithScene","decl":{"start":{"line":7,"column":28},"end":{"line":7,"column":44}},"loc":{"start":{"line":7,"column":28},"end":{"line":7,"column":44}},"line":7}},"f":{"0":3,"1":2}}
,"/Users/alextroshin/WebstormProjects/victoria-bot/modules/index.js": {"path":"/Users/alextroshin/WebstormProjects/victoria-bot/modules/index.js","all":false,"statementMap":{"0":{"start":{"line":1,"column":0},"end":{"line":1,"column":3}},"1":{"start":{"line":2,"column":0},"end":{"line":2,"column":21}},"2":{"start":{"line":3,"column":0},"end":{"line":3,"column":3}},"3":{"start":{"line":4,"column":0},"end":{"line":4,"column":0}},"4":{"start":{"line":5,"column":0},"end":{"line":5,"column":54}},"5":{"start":{"line":6,"column":0},"end":{"line":6,"column":0}},"6":{"start":{"line":7,"column":0},"end":{"line":7,"column":76}},"7":{"start":{"line":8,"column":0},"end":{"line":8,"column":34}},"8":{"start":{"line":9,"column":0},"end":{"line":9,"column":55}},"9":{"start":{"line":10,"column":0},"end":{"line":10,"column":3}},"10":{"start":{"line":11,"column":0},"end":{"line":11,"column":3}}},"s":{"0":1,"1":1,"2":1,"3":1,"4":1,"5":1,"6":1,"7":3,"8":2,"9":2,"10":3},"branchMap":{"0":{"type":"branch","line":7,"loc":{"start":{"line":7,"column":63},"end":{"line":11,"column":3}},"locations":[{"start":{"line":7,"column":63},"end":{"line":11,"column":3}}]},"1":{"type":"branch","line":8,"loc":{"start":{"line":8,"column":33},"end":{"line":10,"column":3}},"locations":[{"start":{"line":8,"column":33},"end":{"line":10,"column":3}}]}},"b":{"0":[3],"1":[2]},"fnMap":{},"f":{}}
,"/Users/alextroshin/WebstormProjects/victoria-bot/modules/commands/index.js": {"path":"/Users/alextroshin/WebstormProjects/victoria-bot/modules/commands/index.js","all":false,"statementMap":{"0":{"start":{"line":1,"column":0},"end":{"line":1,"column":48}},"1":{"start":{"line":2,"column":0},"end":{"line":2,"column":0}},"2":{"start":{"line":3,"column":0},"end":{"line":3,"column":21}},"3":{"start":{"line":4,"column":0},"end":{"line":4,"column":0}},"4":{"start":{"line":5,"column":0},"end":{"line":5,"column":53}},"5":{"start":{"line":6,"column":0},"end":{"line":6,"column":26}},"6":{"start":{"line":7,"column":0},"end":{"line":7,"column":36}},"7":{"start":{"line":8,"column":0},"end":{"line":8,"column":25}},"8":{"start":{"line":9,"column":0},"end":{"line":9,"column":28}},"9":{"start":{"line":10,"column":0},"end":{"line":10,"column":65}},"10":{"start":{"line":11,"column":0},"end":{"line":11,"column":5}}},"s":{"0":1,"1":1,"2":1,"3":1,"4":1,"5":1,"6":1,"7":1,"8":1,"9":1,"10":1},"branchMap":{"0":{"type":"branch","line":6,"loc":{"start":{"line":6,"column":12},"end":{"line":11,"column":5}},"locations":[{"start":{"line":6,"column":12},"end":{"line":11,"column":5}}]}},"b":{"0":[1]},"fnMap":{},"f":{}}
,"/Users/alextroshin/WebstormProjects/victoria-bot/modules/commands/start.js": {"path":"/Users/alextroshin/WebstormProjects/victoria-bot/modules/commands/start.js","all":false,"statementMap":{"0":{"start":{"line":1,"column":0},"end":{"line":1,"column":26}},"1":{"start":{"line":2,"column":0},"end":{"line":2,"column":30}},"2":{"start":{"line":3,"column":0},"end":{"line":3,"column":28}},"3":{"start":{"line":4,"column":0},"end":{"line":4,"column":35}},"4":{"start":{"line":5,"column":0},"end":{"line":5,"column":4}},"5":{"start":{"line":6,"column":0},"end":{"line":6,"column":2}}},"s":{"0":1,"1":1,"2":1,"3":1,"4":1,"5":1},"branchMap":{"0":{"type":"branch","line":3,"loc":{"start":{"line":3,"column":12},"end":{"line":5,"column":4}},"locations":[{"start":{"line":3,"column":12},"end":{"line":5,"column":4}}]}},"b":{"0":[1]},"fnMap":{"0":{"name":"callback","decl":{"start":{"line":3,"column":12},"end":{"line":5,"column":4}},"loc":{"start":{"line":3,"column":12},"end":{"line":5,"column":4}},"line":3}},"f":{"0":1}}
,"/Users/alextroshin/WebstormProjects/victoria-bot/modules/scenes/index.js": {"path":"/Users/alextroshin/WebstormProjects/victoria-bot/modules/scenes/index.js","all":false,"statementMap":{"0":{"start":{"line":1,"column":0},"end":{"line":1,"column":51}},"1":{"start":{"line":2,"column":0},"end":{"line":2,"column":51}},"2":{"start":{"line":3,"column":0},"end":{"line":3,"column":48}},"3":{"start":{"line":4,"column":0},"end":{"line":4,"column":0}},"4":{"start":{"line":5,"column":0},"end":{"line":5,"column":68}},"5":{"start":{"line":6,"column":0},"end":{"line":6,"column":55}},"6":{"start":{"line":7,"column":0},"end":{"line":7,"column":79}},"7":{"start":{"line":8,"column":0},"end":{"line":8,"column":0}},"8":{"start":{"line":9,"column":0},"end":{"line":9,"column":51}},"9":{"start":{"line":10,"column":0},"end":{"line":10,"column":31}}},"s":{"0":1,"1":1,"2":1,"3":1,"4":1,"5":1,"6":1,"7":1,"8":1,"9":1},"branchMap":{"0":{"type":"branch","line":6,"loc":{"start":{"line":6,"column":8},"end":{"line":6,"column":55}},"locations":[{"start":{"line":6,"column":8},"end":{"line":6,"column":55}}]},"1":{"type":"branch","line":7,"loc":{"start":{"line":7,"column":31},"end":{"line":7,"column":56}},"locations":[{"start":{"line":7,"column":31},"end":{"line":7,"column":56}}]}},"b":{"0":[1],"1":[1]},"fnMap":{},"f":{}}
,"/Users/alextroshin/WebstormProjects/victoria-bot/modules/scenes/start.js": {"path":"/Users/alextroshin/WebstormProjects/victoria-bot/modules/scenes/start.js","all":false,"statementMap":{"0":{"start":{"line":1,"column":0},"end":{"line":1,"column":36}},"1":{"start":{"line":2,"column":0},"end":{"line":2,"column":53}},"2":{"start":{"line":3,"column":0},"end":{"line":3,"column":62}},"3":{"start":{"line":4,"column":0},"end":{"line":4,"column":52}},"4":{"start":{"line":5,"column":0},"end":{"line":5,"column":0}},"5":{"start":{"line":6,"column":0},"end":{"line":6,"column":21}},"6":{"start":{"line":7,"column":0},"end":{"line":7,"column":0}},"7":{"start":{"line":8,"column":0},"end":{"line":8,"column":63}},"8":{"start":{"line":9,"column":0},"end":{"line":9,"column":82}},"9":{"start":{"line":10,"column":0},"end":{"line":10,"column":30}},"10":{"start":{"line":11,"column":0},"end":{"line":11,"column":13}},"11":{"start":{"line":12,"column":0},"end":{"line":12,"column":17}},"12":{"start":{"line":13,"column":0},"end":{"line":13,"column":22}},"13":{"start":{"line":14,"column":0},"end":{"line":14,"column":34}},"14":{"start":{"line":15,"column":0},"end":{"line":15,"column":53}},"15":{"start":{"line":16,"column":0},"end":{"line":16,"column":9}},"16":{"start":{"line":17,"column":0},"end":{"line":17,"column":31}},"17":{"start":{"line":18,"column":0},"end":{"line":18,"column":9}},"18":{"start":{"line":19,"column":0},"end":{"line":19,"column":30}},"19":{"start":{"line":20,"column":0},"end":{"line":20,"column":76}},"20":{"start":{"line":21,"column":0},"end":{"line":21,"column":79}},"21":{"start":{"line":22,"column":0},"end":{"line":22,"column":89}},"22":{"start":{"line":23,"column":0},"end":{"line":23,"column":34}},"23":{"start":{"line":24,"column":0},"end":{"line":24,"column":33}},"24":{"start":{"line":25,"column":0},"end":{"line":25,"column":23}},"25":{"start":{"line":26,"column":0},"end":{"line":26,"column":28}},"26":{"start":{"line":27,"column":0},"end":{"line":27,"column":28}},"27":{"start":{"line":28,"column":0},"end":{"line":28,"column":38}},"28":{"start":{"line":29,"column":0},"end":{"line":29,"column":2}},"29":{"start":{"line":30,"column":0},"end":{"line":30,"column":0}},"30":{"start":{"line":31,"column":0},"end":{"line":31,"column":33}},"31":{"start":{"line":32,"column":0},"end":{"line":32,"column":19}},"32":{"start":{"line":33,"column":0},"end":{"line":33,"column":39}},"33":{"start":{"line":34,"column":0},"end":{"line":34,"column":9}},"34":{"start":{"line":35,"column":0},"end":{"line":35,"column":29}},"35":{"start":{"line":36,"column":0},"end":{"line":36,"column":2}},"36":{"start":{"line":37,"column":0},"end":{"line":37,"column":0}},"37":{"start":{"line":38,"column":0},"end":{"line":38,"column":15}},"38":{"start":{"line":39,"column":0},"end":{"line":39,"column":11}},"39":{"start":{"line":40,"column":0},"end":{"line":40,"column":2}},"40":{"start":{"line":41,"column":0},"end":{"line":41,"column":0}},"41":{"start":{"line":42,"column":0},"end":{"line":42,"column":26}},"42":{"start":{"line":43,"column":0},"end":{"line":43,"column":7}},"43":{"start":{"line":44,"column":0},"end":{"line":44,"column":8}},"44":{"start":{"line":45,"column":0},"end":{"line":45,"column":2}},"45":{"start":{"line":46,"column":0},"end":{"line":46,"column":0}},"46":{"start":{"line":47,"column":0},"end":{"line":47,"column":27}},"47":{"start":{"line":48,"column":0},"end":{"line":48,"column":11}},"48":{"start":{"line":49,"column":0},"end":{"line":49,"column":33}},"49":{"start":{"line":50,"column":0},"end":{"line":50,"column":18}},"50":{"start":{"line":51,"column":0},"end":{"line":51,"column":18}},"51":{"start":{"line":52,"column":0},"end":{"line":52,"column":2}}},"s":{"0":1,"1":1,"2":1,"3":1,"4":1,"5":1,"6":1,"7":1,"8":1,"9":1,"10":1,"11":1,"12":1,"13":2,"14":1,"15":1,"16":1,"17":1,"18":1,"19":1,"20":1,"21":1,"22":1,"23":2,"24":2,"25":2,"26":2,"27":2,"28":2,"29":1,"30":1,"31":2,"32":2,"33":2,"34":2,"35":2,"36":1,"37":1,"38":1,"39":1,"40":1,"41":1,"42":1,"43":1,"44":1,"45":1,"46":1,"47":1,"48":1,"49":1,"50":1,"51":1},"branchMap":{"0":{"type":"branch","line":9,"loc":{"start":{"line":9,"column":19},"end":{"line":9,"column":34}},"locations":[{"start":{"line":9,"column":19},"end":{"line":9,"column":34}}]},"1":{"type":"branch","line":13,"loc":{"start":{"line":13,"column":12},"end":{"line":18,"column":9}},"locations":[{"start":{"line":13,"column":12},"end":{"line":18,"column":9}}]},"2":{"type":"branch","line":14,"loc":{"start":{"line":14,"column":33},"end":{"line":18,"column":9}},"locations":[{"start":{"line":14,"column":33},"end":{"line":18,"column":9}}]},"3":{"type":"branch","line":15,"loc":{"start":{"line":15,"column":27},"end":{"line":15,"column":46}},"locations":[{"start":{"line":15,"column":27},"end":{"line":15,"column":46}}]},"4":{"type":"branch","line":21,"loc":{"start":{"line":21,"column":28},"end":{"line":21,"column":79}},"locations":[{"start":{"line":21,"column":28},"end":{"line":21,"column":79}}]},"5":{"type":"branch","line":21,"loc":{"start":{"line":21,"column":37},"end":{"line":21,"column":73}},"locations":[{"start":{"line":21,"column":37},"end":{"line":21,"column":73}}]},"6":{"type":"branch","line":21,"loc":{"start":{"line":21,"column":37},"end":{"line":21,"column":79}},"locations":[{"start":{"line":21,"column":37},"end":{"line":21,"column":79}}]},"7":{"type":"branch","line":22,"loc":{"start":{"line":22,"column":40},"end":{"line":22,"column":89}},"locations":[{"start":{"line":22,"column":40},"end":{"line":22,"column":89}}]},"8":{"type":"branch","line":22,"loc":{"start":{"line":22,"column":49},"end":{"line":22,"column":72}},"locations":[{"start":{"line":22,"column":49},"end":{"line":22,"column":72}}]},"9":{"type":"branch","line":22,"loc":{"start":{"line":22,"column":49},"end":{"line":22,"column":89}},"locations":[{"start":{"line":22,"column":49},"end":{"line":22,"column":89}}]},"10":{"type":"branch","line":23,"loc":{"start":{"line":23,"column":25},"end":{"line":29,"column":2}},"locations":[{"start":{"line":23,"column":25},"end":{"line":29,"column":2}}]},"11":{"type":"branch","line":31,"loc":{"start":{"line":31,"column":17},"end":{"line":36,"column":2}},"locations":[{"start":{"line":31,"column":17},"end":{"line":36,"column":2}}]}},"b":{"0":[3],"1":[2],"2":[1],"3":[2],"4":[2],"5":[1],"6":[1],"7":[4],"8":[2],"9":[2],"10":[2],"11":[2]},"fnMap":{"0":{"name":"getButton","decl":{"start":{"line":9,"column":19},"end":{"line":9,"column":34}},"loc":{"start":{"line":9,"column":19},"end":{"line":9,"column":34}},"line":9},"1":{"name":"getGreetingButtons","decl":{"start":{"line":21,"column":28},"end":{"line":21,"column":79}},"loc":{"start":{"line":21,"column":28},"end":{"line":21,"column":79}},"line":21},"2":{"name":"getGreetingsButtonsReplacement","decl":{"start":{"line":22,"column":40},"end":{"line":22,"column":89}},"loc":{"start":{"line":22,"column":40},"end":{"line":22,"column":89}},"line":22},"3":{"name":"getGreetingText","decl":{"start":{"line":23,"column":25},"end":{"line":29,"column":2}},"loc":{"start":{"line":23,"column":25},"end":{"line":29,"column":2}},"line":23},"4":{"name":"greeting","decl":{"start":{"line":31,"column":17},"end":{"line":36,"column":2}},"loc":{"start":{"line":31,"column":17},"end":{"line":36,"column":2}},"line":31}},"f":{"0":3,"1":2,"2":4,"3":2,"4":2}}
}
