TN:
SF:helpers/context.js
FN:1,hasButtons
FNF:1
FNH:1
FNDA:6,hasButtons
DA:1,1
DA:2,1
DA:3,1
DA:4,1
DA:5,1
LF:5
LH:5
BRDA:1,0,0,6
BRDA:1,1,0,3
BRF:2
BRH:2
end_of_record
TN:
SF:helpers/files.js
FN:4,getFiles
FN:8,getDirectories
FNF:2
FNH:2
FNDA:2,getFiles
FNDA:2,getDirectories
DA:1,1
DA:2,1
DA:3,1
DA:4,2
DA:5,2
DA:6,2
DA:7,1
DA:8,1
DA:9,1
DA:10,1
DA:11,1
DA:12,1
DA:13,1
DA:14,1
DA:15,1
LF:15
LH:15
BRDA:4,0,0,2
BRDA:8,1,0,2
BRDA:9,2,0,10
BRDA:10,3,0,6
BRF:4
BRH:4
end_of_record
TN:
SF:helpers/string.js
FN:1,capitalizeFirstLetter
FNF:1
FNH:1
FNDA:5,capitalizeFirstLetter
DA:1,5
DA:2,5
DA:3,2
DA:4,2
DA:5,3
DA:6,3
DA:7,1
DA:8,1
DA:9,1
DA:10,1
LF:10
LH:10
BRDA:1,0,0,5
BRDA:2,1,0,4
BRDA:2,2,0,2
BRDA:5,3,0,3
BRF:4
BRH:4
end_of_record
TN:
SF:mocks/contexts.js
FN:5,createBaseContext
FN:7,createCtxWithScene
FNF:2
FNH:2
FNDA:3,createBaseContext
FNDA:2,createCtxWithScene
DA:1,1
DA:2,1
DA:3,1
DA:4,1
DA:5,1
DA:6,1
DA:7,1
DA:8,1
DA:9,1
DA:10,1
DA:11,1
DA:12,1
DA:13,1
DA:14,1
DA:15,1
DA:16,1
DA:17,1
DA:18,1
DA:19,1
DA:20,1
DA:21,1
DA:22,1
DA:23,1
DA:24,1
DA:25,1
DA:26,1
DA:27,1
DA:28,1
DA:29,1
DA:30,1
LF:30
LH:30
BRDA:5,0,0,3
BRDA:7,1,0,2
BRF:2
BRH:2
end_of_record
TN:
SF:modules/index.js
FNF:0
FNH:0
DA:1,1
DA:2,1
DA:3,1
DA:4,1
DA:5,1
DA:6,1
DA:7,1
DA:8,3
DA:9,2
DA:10,2
DA:11,3
LF:11
LH:11
BRDA:7,0,0,3
BRDA:8,1,0,2
BRF:2
BRH:2
end_of_record
TN:
SF:modules/commands/index.js
FNF:0
FNH:0
DA:1,1
DA:2,1
DA:3,1
DA:4,1
DA:5,1
DA:6,1
DA:7,1
DA:8,1
DA:9,1
DA:10,1
DA:11,1
LF:11
LH:11
BRDA:6,0,0,1
BRF:1
BRH:1
end_of_record
TN:
SF:modules/commands/start.js
FN:3,callback
FNF:1
FNH:1
FNDA:1,callback
DA:1,1
DA:2,1
DA:3,1
DA:4,1
DA:5,1
DA:6,1
LF:6
LH:6
BRDA:3,0,0,1
BRF:1
BRH:1
end_of_record
TN:
SF:modules/scenes/index.js
FNF:0
FNH:0
DA:1,1
DA:2,1
DA:3,1
DA:4,1
DA:5,1
DA:6,1
DA:7,1
DA:8,1
DA:9,1
DA:10,1
LF:10
LH:10
BRDA:6,0,0,1
BRDA:7,1,0,1
BRF:2
BRH:2
end_of_record
TN:
SF:modules/scenes/start.js
FN:9,getButton
FN:21,getGreetingButtons
FN:22,getGreetingsButtonsReplacement
FN:23,getGreetingText
FN:31,greeting
FNF:5
FNH:5
FNDA:3,getButton
FNDA:2,getGreetingButtons
FNDA:4,getGreetingsButtonsReplacement
FNDA:2,getGreetingText
FNDA:2,greeting
DA:1,1
DA:2,1
DA:3,1
DA:4,1
DA:5,1
DA:6,1
DA:7,1
DA:8,1
DA:9,1
DA:10,1
DA:11,1
DA:12,1
DA:13,1
DA:14,2
DA:15,1
DA:16,1
DA:17,1
DA:18,1
DA:19,1
DA:20,1
DA:21,1
DA:22,1
DA:23,1
DA:24,2
DA:25,2
DA:26,2
DA:27,2
DA:28,2
DA:29,2
DA:30,1
DA:31,1
DA:32,2
DA:33,2
DA:34,2
DA:35,2
DA:36,2
DA:37,1
DA:38,1
DA:39,1
DA:40,1
DA:41,1
DA:42,1
DA:43,1
DA:44,1
DA:45,1
DA:46,1
DA:47,1
DA:48,1
DA:49,1
DA:50,1
DA:51,1
DA:52,1
LF:52
LH:52
BRDA:9,0,0,3
BRDA:13,1,0,2
BRDA:14,2,0,1
BRDA:15,3,0,2
BRDA:21,4,0,2
BRDA:21,5,0,1
BRDA:21,6,0,1
BRDA:22,7,0,4
BRDA:22,8,0,2
BRDA:22,9,0,2
BRDA:23,10,0,2
BRDA:31,11,0,2
BRF:12
BRH:12
end_of_record
